
========== 基础环境检查 ==========
[2026-03-16 18:53:19] PASS: 命令存在: curl
[2026-03-16 18:53:19] PASS: 命令存在: python3

========== API 健康检查 ==========
[2026-03-16 18:53:19] PASS: API 可访问: http://localhost:8000/tasks

========== 准备测试文件 ==========
[2026-03-16 18:53:19] PASS: 测试文件已准备完成

========== 用例1：读取文件 -> 整理要点 -> 写入文件 ==========
{"id":82,"user_input":"","status":"pending","created_at":"2026-03-16T10:53:19.378218"}

[2026-03-16 18:53:19] FAIL: 创建任务失败：未获取到 task_id
[2026-03-16 18:53:19] 原始响应: {"id":82,"user_input":"","status":"pending","created_at":"2026-03-16T10:53:19.378218"}

========== 用例2：shell_exec -> summarize_text ==========
{"id":83,"user_input":"","status":"pending","created_at":"2026-03-16T10:53:19.517308"}

[2026-03-16 18:53:19] FAIL: 创建任务失败：未获取到 task_id
[2026-03-16 18:53:19] 原始响应: {"id":83,"user_input":"","status":"pending","created_at":"2026-03-16T10:53:19.517308"}

========== 用例3：read_json -> summarize_text ==========
{"id":84,"user_input":"","status":"pending","created_at":"2026-03-16T10:53:19.639666"}

[2026-03-16 18:53:19] FAIL: 创建任务失败：未获取到 task_id
[2026-03-16 18:53:19] 原始响应: {"id":84,"user_input":"","status":"pending","created_at":"2026-03-16T10:53:19.639666"}

========== 用例4：read_json -> write_json ==========
{"id":85,"user_input":"","status":"pending","created_at":"2026-03-16T10:53:19.764053"}

[2026-03-16 18:53:19] FAIL: 创建任务失败：未获取到 task_id
[2026-03-16 18:53:19] 原始响应: {"id":85,"user_input":"","status":"pending","created_at":"2026-03-16T10:53:19.764053"}

========== 用例5：http请求 GET -> summarize_text ==========
{"id":86,"user_input":"","status":"pending","created_at":"2026-03-16T10:53:19.886513"}

[2026-03-16 18:53:19] FAIL: 创建任务失败：未获取到 task_id
[2026-03-16 18:53:19] 原始响应: {"id":86,"user_input":"","status":"pending","created_at":"2026-03-16T10:53:19.886513"}

========== 用例6：http请求 POST -> summarize_text ==========
{"id":87,"user_input":"","status":"pending","created_at":"2026-03-16T10:53:20.011676"}

[2026-03-16 18:53:20] FAIL: 创建任务失败：未获取到 task_id
[2026-03-16 18:53:20] 原始响应: {"id":87,"user_input":"","status":"pending","created_at":"2026-03-16T10:53:20.011676"}

========== 最终结果 ==========
[2026-03-16 18:53:20] PASS=4
[2026-03-16 18:53:20] WARN=0
[2026-03-16 18:53:20] FAIL=6
[2026-03-16 18:53:20] 日志文件: /opt/ai-assistant/logs/acceptance_check_2026-03-16_185319.log
