
========== 基础检查 ==========
[2026-03-17 19:41:10] PASS: 命令存在: curl
[2026-03-17 19:41:10] PASS: 命令存在: python3

========== 初始化数据库 ==========
{"message":"database initialized"}
[2026-03-17 19:41:10] PASS: 数据库初始化成功

========== 审批流验证 ==========
{"id":443,"user_input":"读取文件 /workspace/test_note.txt 并整理要点后写入 /workspace/approval_test.md","status":"pending","created_at":"2026-03-17T11:41:10.545320"}
[2026-03-17 19:41:10] PASS: 审批流任务创建成功 task_id=443
FAIL|steps 为空
[2026-03-17 19:41:10] FAIL: steps 为空
[2026-03-17 19:41:17] PASS: 任务成功进入 waiting_approval task_id=443
[2026-03-17 19:41:17] PASS: 找到待审批记录 approval_id=1
{"message":"approval approved","approval_id":1}
[2026-03-17 19:41:17] PASS: 审批接口返回成功 approval_id=1
[2026-03-17 19:41:19] PASS: 审批后任务执行完成 task_id=443
[2026-03-17 19:41:19] PASS: 审批后目标文件已生成: /opt/ai-assistant/data/workspace/approval_test.md

========== 失败重试验证 ==========
{"id":444,"user_input":"请求接口 https://not-exist.invalid 并整理返回结果","status":"pending","created_at":"2026-03-17T11:41:19.474082"}
[2026-03-17 19:41:19] PASS: 重试验证任务创建成功 task_id=444
[2026-03-17 19:41:21] PASS: 重试验证任务已结束 task_id=444 status=failed
FAIL|http_request 步骤未配置重试次数
[2026-03-17 19:41:21] FAIL: http_request 步骤未配置重试次数
FAIL|http_request 步骤未观察到重试痕迹
[2026-03-17 19:41:21] FAIL: http_request 步骤未观察到重试痕迹

========== 验收汇总 ==========
[2026-03-17 19:41:21] PASS=11 FAIL=3 WARN=0
