
========== 基础检查 ==========
[2026-03-17 19:51:05] PASS: 命令存在: curl
[2026-03-17 19:51:05] PASS: 命令存在: python3

========== 初始化数据库 ==========
{"message":"database initialized"}
[2026-03-17 19:51:05] PASS: 数据库初始化成功

========== 审批流验证 ==========
{"id":459,"user_input":"读取文件 /workspace/test_note.txt 并整理要点后写入 /workspace/approval_test.md","status":"pending","created_at":"2026-03-17T11:51:05.301072"}
[2026-03-17 19:51:05] PASS: 审批流任务创建成功 task_id=459
PASS|steps 包含新增字段
[2026-03-17 19:51:07] PASS: steps 包含新增字段
[2026-03-17 19:51:11] PASS: 任务成功进入 waiting_approval task_id=459
[2026-03-17 19:51:11] PASS: 找到待审批记录 approval_id=12
{"message":"approval approved","approval_id":12}
[2026-03-17 19:51:12] PASS: 审批接口返回成功 approval_id=12
[2026-03-17 19:51:14] PASS: 审批后任务执行完成 task_id=459
[2026-03-17 19:51:14] PASS: 审批后目标文件已生成: /opt/ai-assistant/data/workspace/approval_test.md

========== 失败重试验证 ==========
{"id":461,"user_input":"请求接口 https://not-exist.invalid 并整理返回结果","status":"pending","created_at":"2026-03-17T11:51:14.305297"}
[2026-03-17 19:51:14] PASS: 重试验证任务创建成功 task_id=461
[2026-03-17 19:51:16] PASS: 重试验证任务已结束 task_id=461 status=failed
PASS|http_request 步骤已配置重试次数
[2026-03-17 19:51:16] PASS: http_request 步骤已配置重试次数
FAIL|http_request 步骤未观察到重试痕迹
[2026-03-17 19:51:16] FAIL: http_request 步骤未观察到重试痕迹

========== 验收汇总 ==========
[2026-03-17 19:51:16] PASS=13 FAIL=1 WARN=0
